[panic] panicked at /Users/nicho/.rustup/toolchains/stable-aarch64-apple-darwin/lib/rustlib/src/rust/library/std/src/thread/local.rs:479:25:
cannot access a Thread Local Storage value during or after destruction: AccessError
   0: <core::ops::range::RangeFrom<usize> as core::slice::index::SliceIndex<[u8]>>::index
             at /rustc/59807616e1fa2540724bfbac14d7976d7e4a3860/library/core/src/slice/index.rs:573:27
   1: <[u8] as core::ops::index::Index<core::ops::range::RangeFrom<usize>>>::index
             at /rustc/59807616e1fa2540724bfbac14d7976d7e4a3860/library/core/src/slice/index.rs:19:15
   2: <gimli::read::endian_slice::EndianSlice<gimli::endianity::LittleEndian>>::read_slice
             at /rust/deps/gimli-0.32.3/src/read/endian_slice.rs:100:37
   3: <gimli::read::endian_slice::EndianSlice<gimli::endianity::LittleEndian> as gimli::read::reader::Reader>::read_slice
             at /rust/deps/gimli-0.32.3/src/read/endian_slice.rs:328:26
   4: <gimli::read::endian_slice::EndianSlice<gimli::endianity::LittleEndian> as gimli::read::reader::Reader>::read_u8_array::<[u8; 1]>
             at /rust/deps/gimli-0.32.3/src/read/reader.rs:379:14
   5: <gimli::read::endian_slice::EndianSlice<gimli::endianity::LittleEndian> as gimli::read::reader::Reader>::read_u8
             at /rust/deps/gimli-0.32.3/src/read/reader.rs:392:31
   6: gimli::leb128::read::u16::<gimli::read::endian_slice::EndianSlice<gimli::endianity::LittleEndian>>
             at /rust/deps/gimli-0.32.3/src/leb128.rs:106:22
   7: <gimli::read::endian_slice::EndianSlice<gimli::endianity::LittleEndian> as gimli::read::reader::Reader>::read_uleb128_u16
             at /rust/deps/gimli-0.32.3/src/read/reader.rs:498:9
   8: <gimli::read::abbrev::AttributeSpecification>::parse::<gimli::read::endian_slice::EndianSlice<gimli::endianity::LittleEndian>>
             at /rust/deps/gimli-0.32.3/src/read/abbrev.rs:551:30
   9: <gimli::read::abbrev::Abbreviation>::parse_attributes::<gimli::read::endian_slice::EndianSlice<gimli::endianity::LittleEndian>>
             at /rust/deps/gimli-0.32.3/src/read/abbrev.rs:360:32
  10: <gimli::read::abbrev::Abbreviation>::parse::<gimli::read::endian_slice::EndianSlice<gimli::endianity::LittleEndian>>
             at /rust/deps/gimli-0.32.3/src/read/abbrev.rs:383:26
  11: <gimli::read::abbrev::Abbreviations>::parse::<gimli::read::endian_slice::EndianSlice<gimli::endianity::LittleEndian>>
             at /rust/deps/gimli-0.32.3/src/read/abbrev.rs:269:34
  12: <gimli::read::abbrev::DebugAbbrev<gimli::read::endian_slice::EndianSlice<gimli::endianity::LittleEndian>>>::abbreviations
             at /rust/deps/gimli-0.32.3/src/read/abbrev.rs:60:9
  13: <gimli::read::abbrev::AbbreviationsCache>::get::<gimli::read::endian_slice::EndianSlice<gimli::endianity::LittleEndian>>
             at /rust/deps/gimli-0.32.3/src/read/abbrev.rs:195:34
  14: <gimli::read::dwarf::Dwarf<gimli::read::endian_slice::EndianSlice<gimli::endianity::LittleEndian>>>::abbreviations
             at /rust/deps/gimli-0.32.3/src/read/dwarf.rs:377:14
  15: <gimli::read::dwarf::Unit<gimli::read::endian_slice::EndianSlice<gimli::endianity::LittleEndian>, usize>>::new
             at /rust/deps/gimli-0.32.3/src/read/dwarf.rs:1176:35
  16: host_terminal::run::{{closure}}::{{closure}}
             at /Users/nicho/Desktop/idealyst-native/crates/gpu-backend/host/terminal/src/lib.rs:188:22
  17: core::ops::function::FnOnce::call_once
             at /Users/nicho/.rustup/toolchains/stable-aarch64-apple-darwin/lib/rustlib/src/rust/library/core/src/ops/function.rs:250:5
  18: <core::panic::unwind_safe::AssertUnwindSafe<F> as core::ops::function::FnOnce<()>>::call_once
             at /Users/nicho/.rustup/toolchains/stable-aarch64-apple-darwin/lib/rustlib/src/rust/library/core/src/panic/unwind_safe.rs:274:9
  19: std::panicking::catch_unwind::do_call
             at /Users/nicho/.rustup/toolchains/stable-aarch64-apple-darwin/lib/rustlib/src/rust/library/std/src/panicking.rs:581:40
  20: ___rust_try
  21: std::panicking::catch_unwind
             at /Users/nicho/.rustup/toolchains/stable-aarch64-apple-darwin/lib/rustlib/src/rust/library/std/src/panicking.rs:544:19
  22: std::panic::catch_unwind
             at /Users/nicho/.rustup/toolchains/stable-aarch64-apple-darwin/lib/rustlib/src/rust/library/std/src/panic.rs:359:14
  23: host_terminal::run::{{closure}}
             at /Users/nicho/Desktop/idealyst-native/crates/gpu-backend/host/terminal/src/lib.rs:187:17
  24: std::io::stdio::print_to::<std::io::stdio::Stdout>
             at /rustc/59807616e1fa2540724bfbac14d7976d7e4a3860/library/std/src/io/stdio.rs:1165:9
  25: std::io::stdio::_print
             at /rustc/59807616e1fa2540724bfbac14d7976d7e4a3860/library/std/src/io/stdio.rs:1275:5
  26: <std::backtrace::helper::lazy_resolve::{closure#0}::{closure#0} as core::ops::function::FnOnce<(&std::backtrace_rs::symbolize::Symbol,)>>::call_once::{shim:vtable#0}
             at /rustc/59807616e1fa2540724bfbac14d7976d7e4a3860/library/core/src/ops/function.rs:250:5
  27: core::slice::sort::stable::driftsort_main::<object::read::ObjectMapEntry, <[object::read::ObjectMapEntry]>::sort_by_key<u64, <object::read::SymbolMap<object::read::ObjectMapEntry>>::new::{closure#0}>::{closure#0}, alloc::vec::Vec<object::read::ObjectMapEntry>>
             at /rustc/59807616e1fa2540724bfbac14d7976d7e4a3860/library/core/src/slice/sort/stable/mod.rs:136:1
  28: <alloc::vec::into_iter::IntoIter<&addr2line::function::InlinedFunction<gimli::read::endian_slice::EndianSlice<gimli::endianity::LittleEndian>>> as core::iter::traits::double_ended::DoubleEndedIterator>::next_back
             at /rustc/59807616e1fa2540724bfbac14d7976d7e4a3860/library/alloc/src/vec/into_iter.rs:28:18
  29: <core::iter::adapters::rev::Rev<alloc::vec::into_iter::IntoIter<&addr2line::function::InlinedFunction<gimli::read::endian_slice::EndianSlice<gimli::endianity::LittleEndian>>>> as core::iter::traits::iterator::Iterator>::next
             at /rustc/59807616e1fa2540724bfbac14d7976d7e4a3860/library/core/src/iter/adapters/rev.rs:53:19
  30: <addr2line::frame::FrameIter<gimli::read::endian_slice::EndianSlice<gimli::endianity::LittleEndian>>>::next
             at /rust/deps/addr2line-0.25.1/src/frame.rs:101:51
  31: core::slice::copy_from_slice_impl::len_mismatch_fail
  32: <alloc::vec::Vec<_, _>>::insert_mut::assert_failed
             at /rustc/59807616e1fa2540724bfbac14d7976d7e4a3860/library/alloc/src/vec/mod.rs:2282:0
  33: std::thread::local::LocalKey<T>::with
             at /Users/nicho/.rustup/toolchains/stable-aarch64-apple-darwin/lib/rustlib/src/rust/library/std/src/thread/local.rs:477:9
  34: alloc::vec::Vec<T,A>::set_len
             at /Users/nicho/.rustup/toolchains/stable-aarch64-apple-darwin/lib/rustlib/src/rust/library/alloc/src/vec/mod.rs:2162:9
  35: <<alloc::vec::drain::Drain<T,A> as core::ops::drop::Drop>::drop::DropGuard<T,A> as core::ops::drop::Drop>::drop
             at /Users/nicho/.rustup/toolchains/stable-aarch64-apple-darwin/lib/rustlib/src/rust/library/alloc/src/vec/drain.rs:191:36
  36: core::ptr::drop_in_place<runtime_core::walker::theme_cohort::install_theme_cohort_driver::DriverGuard>
             at /Users/nicho/.rustup/toolchains/stable-aarch64-apple-darwin/lib/rustlib/src/rust/library/core/src/ptr/mod.rs:805:1
  37: core::ptr::drop_in_place<runtime_core::walker::theme_cohort::install_theme_cohort_driver<backend_terminal::TerminalBackend>::{{closure}}>
             at /Users/nicho/.rustup/toolchains/stable-aarch64-apple-darwin/lib/rustlib/src/rust/library/core/src/ptr/mod.rs:805:1
  38: core::ptr::drop_in_place<(u64,alloc::rc::Rc<dyn core::ops::function::Fn<()>+Output = ()>)>
             at /Users/nicho/.rustup/toolchains/stable-aarch64-apple-darwin/lib/rustlib/src/rust/library/core/src/ptr/mod.rs:805:1
  39: core::ptr::drop_in_place<alloc::boxed::Box<dyn core::ops::function::FnOnce<(runtime_core::handles::ButtonHandle,)>+Output = ()>>
             at /Users/nicho/.rustup/toolchains/stable-aarch64-apple-darwin/lib/rustlib/src/rust/library/core/src/ptr/mod.rs:805:1
  40: core::ptr::drop_in_place<runtime_core::sources::SignalClassSpec>
             at /Users/nicho/.rustup/toolchains/stable-aarch64-apple-darwin/lib/rustlib/src/rust/library/core/src/ptr/mod.rs:805:1
  41: core::ptr::drop_in_place<core::cell::Ref<runtime_core::reactive::Arena>>
             at /Users/nicho/.rustup/toolchains/stable-aarch64-apple-darwin/lib/rustlib/src/rust/library/core/src/ptr/mod.rs:805:1
  42: <alloc::rc::Rc<T,A> as core::ops::drop::Drop>::drop
             at /Users/nicho/.rustup/toolchains/stable-aarch64-apple-darwin/lib/rustlib/src/rust/library/alloc/src/rc.rs:2472:22
  43: core::ptr::drop_in_place<dyn core::ops::function::Fn<(bool,)>+Output = ()>
             at /Users/nicho/.rustup/toolchains/stable-aarch64-apple-darwin/lib/rustlib/src/rust/library/core/src/ptr/mod.rs:805:1
  44: <alloc::sync::Arc<T,A> as core::ops::drop::Drop>::drop
             at /Users/nicho/.rustup/toolchains/stable-aarch64-apple-darwin/lib/rustlib/src/rust/library/alloc/src/sync.rs:2807:0
  45: core::ptr::drop_in_place<[alloc::collections::btree::map::BTreeMap<alloc::string::String,alloc::string::String>]>
             at /Users/nicho/.rustup/toolchains/stable-aarch64-apple-darwin/lib/rustlib/src/rust/library/core/src/ptr/mod.rs:805:1
  46: core::ptr::drop_in_place<runtime_core::style::StyleRules>
  47: core::ptr::drop_in_place<[(&str,runtime_core::sources::StyleSource)]>
             at /Users/nicho/.rustup/toolchains/stable-aarch64-apple-darwin/lib/rustlib/src/rust/library/core/src/ptr/mod.rs:805:0
  48: core::ptr::drop_in_place<alloc::raw_vec::RawVec<std::sync::mpmc::waker::Entry>>
             at /Users/nicho/.rustup/toolchains/stable-aarch64-apple-darwin/lib/rustlib/src/rust/library/core/src/ptr/mod.rs:805:1
  49: std::sys::net::connection::each_addr
             at /Users/nicho/.rustup/toolchains/stable-aarch64-apple-darwin/lib/rustlib/src/rust/library/std/src/sys/net/connection/mod.rs:59:17
  50: core::slice::ascii::is_ascii_simple
             at /Users/nicho/.rustup/toolchains/stable-aarch64-apple-darwin/lib/rustlib/src/rust/library/core/src/slice/ascii.rs:419:15
  51: core::slice::ascii::is_ascii::runtime
             at /Users/nicho/.rustup/toolchains/stable-aarch64-apple-darwin/lib/rustlib/src/rust/library/core/src/slice/ascii.rs:472:24
  52: <() as std::sys::thread_local::native::lazy::DestroyedState>::register_dtor
             at /Users/nicho/.rustup/toolchains/stable-aarch64-apple-darwin/lib/rustlib/src/rust/library/std/src/sys/thread_local/native/lazy.rs:15:0
  53: <alloc::raw_vec::RawVecInner>::reserve
             at /rustc/59807616e1fa2540724bfbac14d7976d7e4a3860/library/alloc/src/raw_vec/mod.rs:673:17
  54: <alloc::raw_vec::RawVec<u8>>::reserve
             at /rustc/59807616e1fa2540724bfbac14d7976d7e4a3860/library/alloc/src/raw_vec/mod.rs:340:29
  55: <alloc::vec::Vec<u8>>::reserve
             at /rustc/59807616e1fa2540724bfbac14d7976d7e4a3860/library/alloc/src/vec/mod.rs:1446:18
  56: <alloc::vec::Vec<u8>>::append_elements
             at /rustc/59807616e1fa2540724bfbac14d7976d7e4a3860/library/alloc/src/vec/mod.rs:2879:14
  57: <alloc::vec::Vec<u8> as alloc::vec::spec_extend::SpecExtend<&u8, core::slice::iter::Iter<u8>>>::spec_extend
             at /rustc/59807616e1fa2540724bfbac14d7976d7e4a3860/library/alloc/src/vec/spec_extend.rs:56:23
  58: <alloc::vec::Vec<u8>>::extend_from_slice
             at /rustc/59807616e1fa2540724bfbac14d7976d7e4a3860/library/alloc/src/vec/mod.rs:3500:14
  59: <alloc::vec::Vec<u8> as std::io::Write>::write_all
             at /rustc/59807616e1fa2540724bfbac14d7976d7e4a3860/library/std/src/io/impls.rs:504:14
  60: <std::io::default_write_fmt::Adapter<alloc::vec::Vec<u8>> as core::fmt::Write>::write_str
             at /rustc/59807616e1fa2540724bfbac14d7976d7e4a3860/library/std/src/io/mod.rs:628:30

